2025-07-01 16:36:54,859 - INFO - Starting training process...
2025-07-01 16:36:55,614 - INFO - Loaded vocabulary with 30000 tokens.
2025-07-01 16:37:25,154 - INFO - Loaded training dataset with 372 batches.
2025-07-01 16:38:45,939 - INFO - Starting training process...
2025-07-01 16:38:46,729 - INFO - Loaded vocabulary with 30000 tokens.
2025-07-01 16:39:09,370 - INFO - Loaded training dataset with 248 batches.
2025-07-01 16:39:44,834 - INFO - Epoch 1/10 - Average Loss: 77.5434
2025-07-01 16:39:45,321 - INFO - Saved checkpoint: checkpoints\lm_checkpoint_epoch_1.pt
2025-07-01 16:40:19,053 - INFO - Epoch 2/10 - Average Loss: 25.9003
2025-07-01 16:40:19,445 - INFO - Saved checkpoint: checkpoints\lm_checkpoint_epoch_2.pt
2025-07-01 16:40:53,203 - INFO - Epoch 3/10 - Average Loss: 19.2323
2025-07-01 16:40:53,658 - INFO - Saved checkpoint: checkpoints\lm_checkpoint_epoch_3.pt
2025-07-01 16:41:27,835 - INFO - Epoch 4/10 - Average Loss: 13.7408
2025-07-01 16:41:28,341 - INFO - Saved checkpoint: checkpoints\lm_checkpoint_epoch_4.pt
2025-07-01 16:42:02,229 - INFO - Epoch 5/10 - Average Loss: 10.1648
2025-07-01 16:42:02,689 - INFO - Saved checkpoint: checkpoints\lm_checkpoint_epoch_5.pt
2025-07-01 16:42:36,339 - INFO - Epoch 6/10 - Average Loss: 8.4967
2025-07-01 16:42:36,699 - INFO - Saved checkpoint: checkpoints\lm_checkpoint_epoch_6.pt
2025-07-01 16:43:10,477 - INFO - Epoch 7/10 - Average Loss: 7.7557
2025-07-01 16:43:10,939 - INFO - Saved checkpoint: checkpoints\lm_checkpoint_epoch_7.pt
2025-07-01 16:43:44,860 - INFO - Epoch 8/10 - Average Loss: 7.4173
2025-07-01 16:43:45,333 - INFO - Saved checkpoint: checkpoints\lm_checkpoint_epoch_8.pt
2025-07-01 16:44:19,410 - INFO - Epoch 9/10 - Average Loss: 7.2536
2025-07-01 16:44:19,881 - INFO - Saved checkpoint: checkpoints\lm_checkpoint_epoch_9.pt
2025-07-01 16:44:54,230 - INFO - Epoch 10/10 - Average Loss: 7.1464
2025-07-01 16:44:54,730 - INFO - Saved checkpoint: checkpoints\lm_checkpoint_epoch_10.pt
2025-07-01 16:44:54,732 - INFO - Training completed.
